This file contains any messages produced by compilers while
running configure, to aid debugging if configure makes a mistake.

It was created by configure, which was
generated by GNU Autoconf 2.59.  Invocation command line was

  $ ./configure 

## --------- ##
## Platform. ##
## --------- ##

hostname = ma024017.ads.eso.org
uname -m = x86_64
uname -r = 18.5.0
uname -s = Darwin
uname -v = Darwin Kernel Version 18.5.0: Mon Mar 11 20:40:32 PDT 2019; root:xnu-4903.251.3~3/RELEASE_X86_64

/usr/bin/uname -p = i386
/bin/uname -X     = unknown

/bin/arch              = unknown
/usr/bin/arch -k       = unknown
/usr/convex/getsysinfo = unknown
hostinfo               = Mach kernel version:
	 Darwin Kernel Version 18.5.0: Mon Mar 11 20:40:32 PDT 2019; root:xnu-4903.251.3~3/RELEASE_X86_64
Kernel configured for up to 8 processors.
4 processors are physically available.
8 processors are logically available.
Processor type: x86_64h (Intel x86-64h Haswell)
Processors active: 0 1 2 3 4 5 6 7
Primary memory available: 16.00 gigabytes
Default processor set: 624 tasks, 2886 threads, 8 processors
Load average: 1.57, Mach factor: 6.41
/bin/machine           = unknown
/usr/bin/oslevel       = unknown
/bin/universe          = unknown

PATH: /Users/jpritcha/bin
PATH: /Users/jpritcha/USD/scr
PATH: /Users/jpritcha/USD/bin
PATH: /Users/jpritcha/USD/sbin
PATH: /opt/vjpd/bin
PATH: /Users/jpritcha/FEROS/jFEROS-DRS/bin
PATH: /opt/local/bin
PATH: /opt/local/bin
PATH: /opt/local/sbin
PATH: /opt/local/bin
PATH: /opt/local/sbin
PATH: /usr/local/bin
PATH: /usr/bin
PATH: /bin
PATH: /usr/sbin
PATH: /sbin
PATH: /usr/local/munki
PATH: /opt/X11/bin
PATH: /Users/jpritcha/bin


## ----------- ##
## Core tests. ##
## ----------- ##

configure:1297: checking for gcc
configure:1323: result: gcc-mp-8
configure:1567: checking for C compiler version
configure:1570: gcc-mp-8 --version </dev/null >&5
gcc-mp-8 (MacPorts gcc8 8.3.0_0) 8.3.0
Copyright (C) 2018 Free Software Foundation, Inc.
This is free software; see the source for copying conditions.  There is NO
warranty; not even for MERCHANTABILITY or FITNESS FOR A PARTICULAR PURPOSE.

configure:1573: $? = 0
configure:1575: gcc-mp-8 -v </dev/null >&5
Using built-in specs.
COLLECT_GCC=gcc-mp-8
COLLECT_LTO_WRAPPER=/opt/local/libexec/gcc/x86_64-apple-darwin18/8.3.0/lto-wrapper
Target: x86_64-apple-darwin18
Configured with: /opt/local/var/macports/build/_opt_bblocal_var_buildworker_ports_build_ports_lang_gcc8/gcc8/work/gcc-8.3.0/configure --prefix=/opt/local --build=x86_64-apple-darwin18 --enable-languages=c,c++,objc,obj-c++,lto,fortran --libdir=/opt/local/lib/gcc8 --includedir=/opt/local/include/gcc8 --infodir=/opt/local/share/info --mandir=/opt/local/share/man --datarootdir=/opt/local/share/gcc-8 --with-local-prefix=/opt/local --with-system-zlib --disable-nls --program-suffix=-mp-8 --with-gxx-include-dir=/opt/local/include/gcc8/c++/ --with-gmp=/opt/local --with-mpfr=/opt/local --with-mpc=/opt/local --with-isl=/opt/local --enable-stage1-checking --disable-multilib --enable-lto --enable-libstdcxx-time --with-build-config=bootstrap-debug --with-as=/opt/local/bin/as --with-ld=/opt/local/bin/ld --with-ar=/opt/local/bin/ar --with-bugurl=https://trac.macports.org/newticket --disable-tls --with-pkgversion='MacPorts gcc8 8.3.0_0' --with-sysroot=/Applications/Xcode.app/Contents/Developer/Platforms/MacOSX.platform/Developer/SDKs/MacOSX10.14.sdk
Thread model: posix
gcc version 8.3.0 (MacPorts gcc8 8.3.0_0) 
configure:1578: $? = 0
configure:1580: gcc-mp-8 -V </dev/null >&5
gcc-mp-8: error: unrecognized command line option '-V'
gcc-mp-8: fatal error: no input files
compilation terminated.
configure:1583: $? = 1
configure:1606: checking for C compiler default output file name
configure:1609: gcc-mp-8   -L/opt/local/lib conftest.c  >&5
configure:1612: $? = 0
configure:1658: result: a.out
configure:1663: checking whether the C compiler works
configure:1669: ./a.out
configure:1672: $? = 0
configure:1689: result: yes
configure:1696: checking whether we are cross compiling
configure:1698: result: no
configure:1701: checking for suffix of executables
configure:1703: gcc-mp-8 -o conftest   -L/opt/local/lib conftest.c  >&5
configure:1706: $? = 0
configure:1731: result: 
configure:1737: checking for suffix of object files
configure:1758: gcc-mp-8 -c   conftest.c >&5
configure:1761: $? = 0
configure:1783: result: o
configure:1787: checking whether we are using the GNU C compiler
configure:1811: gcc-mp-8 -c   conftest.c >&5
configure:1817: $? = 0
configure:1821: test -z 
			 || test ! -s conftest.err
configure:1824: $? = 0
configure:1827: test -s conftest.o
configure:1830: $? = 0
configure:1843: result: yes
configure:1849: checking whether gcc-mp-8 accepts -g
configure:1870: gcc-mp-8 -c -g  conftest.c >&5
configure:1876: $? = 0
configure:1880: test -z 
			 || test ! -s conftest.err
configure:1883: $? = 0
configure:1886: test -s conftest.o
configure:1889: $? = 0
configure:1900: result: yes
configure:1917: checking for gcc-mp-8 option to accept ANSI C
configure:1987: gcc-mp-8  -c -g -O2  conftest.c >&5
configure:1993: $? = 0
configure:1997: test -z 
			 || test ! -s conftest.err
configure:2000: $? = 0
configure:2003: test -s conftest.o
configure:2006: $? = 0
configure:2024: result: none needed
configure:2042: gcc-mp-8 -c -g -O2  conftest.c >&5
conftest.c:2:3: error: unknown type name 'choke'
   choke me
   ^~~~~
conftest.c:2:3: error: expected '=', ',', ';', 'asm' or '__attribute__' at end of input
configure:2048: $? = 1
configure: failed program was:
| #ifndef __cplusplus
|   choke me
| #endif
configure:2219: checking for a BSD-compatible install
configure:2274: result: /opt/local/bin/ginstall -c
configure:2326: checking for ranlib
configure:2342: found /opt/local/bin/ranlib
configure:2353: result: ranlib
configure:2373: checking how to run the C preprocessor
configure:2408: gcc-mp-8 -E  conftest.c
configure:2414: $? = 0
configure:2446: gcc-mp-8 -E  conftest.c
conftest.c:9:10: fatal error: ac_nonexistent.h: No such file or directory
 #include <ac_nonexistent.h>
          ^~~~~~~~~~~~~~~~~~
compilation terminated.
configure:2452: $? = 1
configure: failed program was:
| /* confdefs.h.  */
| 
| #define PACKAGE_NAME ""
| #define PACKAGE_TARNAME ""
| #define PACKAGE_VERSION ""
| #define PACKAGE_STRING ""
| #define PACKAGE_BUGREPORT ""
| /* end confdefs.h.  */
| #include <ac_nonexistent.h>
configure:2491: result: gcc-mp-8 -E
configure:2515: gcc-mp-8 -E  conftest.c
configure:2521: $? = 0
configure:2553: gcc-mp-8 -E  conftest.c
conftest.c:9:10: fatal error: ac_nonexistent.h: No such file or directory
 #include <ac_nonexistent.h>
          ^~~~~~~~~~~~~~~~~~
compilation terminated.
configure:2559: $? = 1
configure: failed program was:
| /* confdefs.h.  */
| 
| #define PACKAGE_NAME ""
| #define PACKAGE_TARNAME ""
| #define PACKAGE_VERSION ""
| #define PACKAGE_STRING ""
| #define PACKAGE_BUGREPORT ""
| /* end confdefs.h.  */
| #include <ac_nonexistent.h>
configure:2603: checking for egrep
configure:2613: result: grep -E
configure:2618: checking for ANSI C header files
configure:2643: gcc-mp-8 -c -g -O2  conftest.c >&5
configure:2649: $? = 0
configure:2653: test -z 
			 || test ! -s conftest.err
configure:2656: $? = 0
configure:2659: test -s conftest.o
configure:2662: $? = 0
configure:2751: gcc-mp-8 -o conftest -g -O2  -L/opt/local/lib conftest.c  >&5
conftest.c: In function 'main':
conftest.c:26:7: warning: implicit declaration of function 'exit' [-Wimplicit-function-declaration]
       exit(2);
       ^~~~
conftest.c:26:7: warning: incompatible implicit declaration of built-in function 'exit'
conftest.c:26:7: note: include '<stdlib.h>' or provide a declaration of 'exit'
conftest.c:10:1:
+#include <stdlib.h>
 #if ((' ' & 0x0FF) == 0x020)
conftest.c:26:7:
       exit(2);
       ^~~~
conftest.c:27:3: warning: incompatible implicit declaration of built-in function 'exit'
   exit (0);
   ^~~~
conftest.c:27:3: note: include '<stdlib.h>' or provide a declaration of 'exit'
configure:2754: $? = 0
configure:2756: ./conftest
configure:2759: $? = 0
configure:2774: result: yes
configure:2785: checking for an ANSI C-conforming const
configure:2852: gcc-mp-8 -c -g -O2  conftest.c >&5
configure:2858: $? = 0
configure:2862: test -z 
			 || test ! -s conftest.err
configure:2865: $? = 0
configure:2868: test -s conftest.o
configure:2871: $? = 0
configure:2882: result: yes
configure:2892: checking whether struct tm is in sys/time.h or time.h
configure:2915: gcc-mp-8 -c -g -O2  conftest.c >&5
configure:2921: $? = 0
configure:2925: test -z 
			 || test ! -s conftest.err
configure:2928: $? = 0
configure:2931: test -s conftest.o
configure:2934: $? = 0
configure:2945: result: time.h
configure:3084: creating ./config.status

## ---------------------- ##
## Running config.status. ##
## ---------------------- ##

This file was extended by config.status, which was
generated by GNU Autoconf 2.59.  Invocation command line was

  CONFIG_FILES    = 
  CONFIG_HEADERS  = 
  CONFIG_LINKS    = 
  CONFIG_COMMANDS = 
  $ ./config.status 

on ma024017.ads.eso.org

config.status:646: creating Makefile
config.status:646: creating lib/Makefile
config.status:646: creating libsrc/Makefile
config.status:646: creating include/Makefile

## ---------------- ##
## Cache variables. ##
## ---------------- ##

ac_cv_c_compiler_gnu=yes
ac_cv_c_const=yes
ac_cv_env_CC_set=set
ac_cv_env_CC_value=gcc-mp-8
ac_cv_env_CFLAGS_set=
ac_cv_env_CFLAGS_value=
ac_cv_env_CPPFLAGS_set=
ac_cv_env_CPPFLAGS_value=
ac_cv_env_CPP_set=
ac_cv_env_CPP_value=
ac_cv_env_LDFLAGS_set=set
ac_cv_env_LDFLAGS_value=-L/opt/local/lib
ac_cv_env_build_alias_set=
ac_cv_env_build_alias_value=
ac_cv_env_host_alias_set=
ac_cv_env_host_alias_value=
ac_cv_env_target_alias_set=
ac_cv_env_target_alias_value=
ac_cv_exeext=
ac_cv_header_stdc=yes
ac_cv_objext=o
ac_cv_path_install='/opt/local/bin/ginstall -c'
ac_cv_prog_CPP='gcc-mp-8 -E'
ac_cv_prog_ac_ct_CC=gcc-mp-8
ac_cv_prog_ac_ct_RANLIB=ranlib
ac_cv_prog_cc_g=yes
ac_cv_prog_cc_stdc=
ac_cv_prog_egrep='grep -E'
ac_cv_struct_tm=time.h

## ----------------- ##
## Output variables. ##
## ----------------- ##

CC='gcc-mp-8'
CFLAGS='-g -O2'
CPP='gcc-mp-8 -E'
CPPFLAGS=''
DEFS='-DPACKAGE_NAME=\"\" -DPACKAGE_TARNAME=\"\" -DPACKAGE_VERSION=\"\" -DPACKAGE_STRING=\"\" -DPACKAGE_BUGREPORT=\"\" -DSTDC_HEADERS=1 '
ECHO_C='ECHO_N=''
ECHO_T=''
EGREP='grep -E'
EXEEXT=''
INSTALL_DATA='${INSTALL} -m 644'
INSTALL_PROGRAM='${INSTALL}'
INSTALL_SCRIPT='${INSTALL}'
LDFLAGS='-L/opt/local/lib'
LIBOBJS=''
LIBS=''
LTLIBOBJS=''
OBJEXT='o'
PACKAGE_BUGREPORT=''
PACKAGE_NAME=''
PACKAGE_STRING=''
PACKAGE_TARNAME=''
PACKAGE_VERSION=''
PATH_SEPARATOR=':'
RANLIB='ranlib'
SHELL='/bin/sh'
ac_ct_CC='gcc-mp-8'
ac_ct_RANLIB='ranlib'
bindir='${exec_prefix}/bin'
build_alias=''
datadir='${prefix}/share'
exec_prefix='${prefix}'
host_alias=''
includedir='${prefix}/include'
infodir='${prefix}/info'
libdir='${exec_prefix}/lib'
libexecdir='${exec_prefix}/libexec'
localstatedir='${prefix}/var'
mandir='${prefix}/man'
oldincludedir='/usr/include'
prefix='/usr/local'
program_transform_name='s,x,x,'
sbindir='${exec_prefix}/sbin'
sharedstatedir='${prefix}/com'
sysconfdir='${prefix}/etc'
target_alias=''

## ----------- ##
## confdefs.h. ##
## ----------- ##

#define PACKAGE_BUGREPORT ""
#define PACKAGE_NAME ""
#define PACKAGE_STRING ""
#define PACKAGE_TARNAME ""
#define PACKAGE_VERSION ""
#define STDC_HEADERS 1

configure: exit 0
